<?xml version="1.0" encoding="UTF-8"?>
<!-- Generated by org.testng.reporters.JUnitReportReporter -->
<testsuite skipped="0" hostname="jagadeesh-PC" name="FinalObject.SpiceJet.MainTest" tests="2" failures="0" timestamp="14 Dec 2019 14:12:48 GMT" time="26.123" errors="0">
  <testcase name="CallingChrome" time="11.088" classname="FinalObject.SpiceJet.MainTest"/>
  <testcase name="OpenWebSite" time="15.035" classname="FinalObject.SpiceJet.MainTest"/>
</testsuite> <!-- FinalObject.SpiceJet.MainTest -->
